#
# A fatal error has been detected by the Java Runtime Environment:
#
#  EXCEPTION_ACCESS_VIOLATION (0xc0000005) at pc=0x00007ff8c1788720, pid=61408, tid=0x000000000000f624
#
# JRE version: Java(TM) SE Runtime Environment (8.0_221-b11) (build 1.8.0_221-b11)
# Java VM: Java HotSpot(TM) 64-Bit Server VM (25.221-b11 mixed mode windows-amd64 compressed oops)
# Problematic frame:
# C  [nvoglv64.dll+0x6b8720]
#
# Failed to write core dump. Minidumps are not enabled by default on client versions of Windows
#
# If you would like to submit a bug report, please visit:
#   http://bugreport.java.com/bugreport/crash.jsp
# The crash happened outside the Java Virtual Machine in native code.
# See problematic frame for where to report the bug.
#

---------------  T H R E A D  ---------------

Current thread (0x0000000002756000):  JavaThread "main" [_thread_in_native, id=63012, stack(0x0000000002650000,0x0000000002750000)]

siginfo: ExceptionCode=0xc0000005, reading address 0x0000000000000000

Registers:
RAX=0x0000000000000000, RBX=0x0000000000000000, RCX=0x00000000fffffdce, RDX=0x000000002b854400
RSP=0x000000000274f2a0, RBP=0x000000000000467c, RSI=0x0000000000001194, RDI=0x000000002b0c9080
R8 =0x0000000000000004, R9 =0x000000002b8543dc, R10=0x0000000000004650, R11=0x0000000000000232
R12=0x0000000000000000, R13=0x000000002b854400, R14=0x0000000000000000, R15=0x000000002b8543f4
RIP=0x00007ff8c1788720, EFLAGS=0x0000000000010293

Top of Stack: (sp=0x000000000274f2a0)
0x000000000274f2a0:   0000000002648530 000000005f40c336
0x000000000274f2b0:   000000000274fa58 0000000002756b70
0x000000000274f2c0:   00000000000003d8 0000000002756b80
0x000000000274f2d0:   000000003230ddb8 0000000002756000
0x000000000274f2e0:   000000003230ddb8 0000000002756000
0x000000000274f2f0:   0000000000000000 0000000000000000
0x000000000274f300:   000000000274f3f8 000000003230ddb8
0x000000000274f310:   0000000000000000 000000000285835d
0x000000000274f320:   00000007c0067f88 0000000002868c67
0x000000000274f330:   000000000274f3b8 0000000000004650
0x000000000274f340:   0000000002756000 000000003230ddb8
0x000000000274f350:   0000000000001405 0000000000000000
0x000000000274f360:   00000007c0067f88 0000000002756000
0x000000000274f370:   0000000002868962 000000000274f378
0x000000000274f380:   000000003230ddb8 000000000274f3f8
0x000000000274f390:   00000000323285c8 0000000000000000 

Instructions: (pc=0x00007ff8c1788720)
0x00007ff8c1788700:   41 8d 48 f7 66 0f 6f 2d 64 06 5b 01 66 0f 6f 5c
0x00007ff8c1788710:   24 50 c1 e9 03 ff c1 44 8b d9 f7 d9 45 8d 04 c8
0x00007ff8c1788720:   f3 0f 6f 10 f3 0f 6f 48 10 66 0f 6f c2 66 0f eb
0x00007ff8c1788730:   c3 48 83 c0 20 66 0f 6f d8 66 0f eb d9 0f 18 00 


Register to memory mapping:

RAX=0x0000000000000000 is an unknown value
RBX=0x0000000000000000 is an unknown value
RCX=0x00000000fffffdce is an unknown value
RDX=0x000000002b854400 is an unknown value
RSP=0x000000000274f2a0 is pointing into the stack for thread: 0x0000000002756000
RBP=0x000000000000467c is an unknown value
RSI=0x0000000000001194 is an unknown value
RDI=0x000000002b0c9080 is an unknown value
R8 =0x0000000000000004 is an unknown value
R9 =0x000000002b8543dc is an unknown value
R10=0x0000000000004650 is an unknown value
R11=0x0000000000000232 is an unknown value
R12=0x0000000000000000 is an unknown value
R13=0x000000002b854400 is an unknown value
R14=0x0000000000000000 is an unknown value
R15=0x000000002b8543f4 is an unknown value


Stack: [0x0000000002650000,0x0000000002750000],  sp=0x000000000274f2a0,  free space=1020k
Native frames: (J=compiled Java code, j=interpreted, Vv=VM code, C=native code)
C  [nvoglv64.dll+0x6b8720]
C  0x0000000002868c67

Java frames: (J=compiled Java code, j=interpreted, Vv=VM code)
j  org.lwjgl.opengl.GL11C.nglDrawElements(IIIJ)V+0
j  org.lwjgl.opengl.GL11C.glDrawElements(IIIJ)V+4
j  org.lwjgl.opengl.GL11.glDrawElements(IIIJ)V+4
j  ch.darklions.voxelengine.graph.Mesh.render()V+34
j  ch.darklions.main.world.Chunk.renderVoxels(Lch/darklions/voxelengine/graph/ShaderProgram;Lch/darklions/voxelengine/graph/Transformation;Lorg/joml/Matrix4f;)V+26
j  ch.darklions.main.Renderer.render(Lch/darklions/voxelengine/Window;Lch/darklions/voxelengine/graph/Camera;Ljava/util/List;)V+149
j  ch.darklions.main.VoxelEngine.render(Lch/darklions/voxelengine/Window;)V+13
j  ch.darklions.voxelengine.GameEngine.render()V+8
j  ch.darklions.voxelengine.GameEngine.loop()V+46
j  ch.darklions.voxelengine.GameEngine.run()V+5
j  ch.darklions.main.Main.main([Ljava/lang/String;)V+29
v  ~StubRoutines::call_stub

---------------  P R O C E S S  ---------------

Java Threads: ( => current thread )
  0x000000002764e800 JavaThread "Service Thread" daemon [_thread_blocked, id=61764, stack(0x00000000282a0000,0x00000000283a0000)]
  0x00000000275b7000 JavaThread "C1 CompilerThread3" daemon [_thread_blocked, id=48272, stack(0x00000000281a0000,0x00000000282a0000)]
  0x00000000275b3800 JavaThread "C2 CompilerThread2" daemon [_thread_blocked, id=63332, stack(0x00000000280a0000,0x00000000281a0000)]
  0x00000000275af000 JavaThread "C2 CompilerThread1" daemon [_thread_blocked, id=63304, stack(0x0000000027fa0000,0x00000000280a0000)]
  0x00000000275a2000 JavaThread "C2 CompilerThread0" daemon [_thread_blocked, id=2160, stack(0x0000000027ea0000,0x0000000027fa0000)]
  0x00000000275a0000 JavaThread "Attach Listener" daemon [_thread_blocked, id=40712, stack(0x0000000027da0000,0x0000000027ea0000)]
  0x000000002759f000 JavaThread "Signal Dispatcher" daemon [_thread_blocked, id=57960, stack(0x0000000027ca0000,0x0000000027da0000)]
  0x0000000027590800 JavaThread "Finalizer" daemon [_thread_blocked, id=64960, stack(0x0000000027a70000,0x0000000027b70000)]
  0x000000000284e000 JavaThread "Reference Handler" daemon [_thread_blocked, id=4044, stack(0x0000000027970000,0x0000000027a70000)]
=>0x0000000002756000 JavaThread "main" [_thread_in_native, id=63012, stack(0x0000000002650000,0x0000000002750000)]

Other Threads:
  0x0000000025789000 VMThread [stack: 0x0000000027470000,0x0000000027570000] [id=55444]
  0x0000000027664800 WatcherThread [stack: 0x00000000283a0000,0x00000000284a0000] [id=65472]

VM state:not at safepoint (normal execution)

VM Mutex/Monitor currently owned by a thread: None

heap address: 0x00000005c3200000, size: 8142 MB, Compressed Oops mode: Zero based, Oop shift amount: 3
Narrow klass base: 0x0000000000000000, Narrow klass shift: 3
Compressed class space size: 1073741824 Address: 0x00000007c0000000

Heap:
 PSYoungGen      total 153088K, used 26441K [0x0000000716600000, 0x0000000721080000, 0x00000007c0000000)
  eden space 131584K, 20% used [0x0000000716600000,0x0000000717fd2638,0x000000071e680000)
  from space 21504K, 0% used [0x000000071fb80000,0x000000071fb80000,0x0000000721080000)
  to   space 21504K, 0% used [0x000000071e680000,0x000000071e680000,0x000000071fb80000)
 ParOldGen       total 349696K, used 0K [0x00000005c3200000, 0x00000005d8780000, 0x0000000716600000)
  object space 349696K, 0% used [0x00000005c3200000,0x00000005c3200000,0x00000005d8780000)
 Metaspace       used 10940K, capacity 11241K, committed 11520K, reserved 1060864K
  class space    used 877K, capacity 986K, committed 1024K, reserved 1048576K

Card table byte_map: [0x0000000011c10000,0x0000000012c00000] byte_map_base: 0x000000000edf7000

Marking Bits: (ParMarkBitMap*) 0x000000005fb75ce0
 Begin Bits: [0x0000000013ea0000, 0x000000001bdd8000)
 End Bits:   [0x000000001bdd8000, 0x0000000023d10000)

Polling page: 0x0000000000de0000

CodeCache: size=245760Kb used=3292Kb max_used=3305Kb free=242467Kb
 bounds [0x0000000002850000, 0x0000000002b90000, 0x0000000011850000]
 total_blobs=1739 nmethods=759 adapters=893
 compilation: enabled

Compilation events (10 events):
Event: 1.119 Thread 0x00000000275b3800  753   !   4       sun.misc.URLClassPath$JarLoader::getResource (353 bytes)
Event: 1.119 Thread 0x00000000275a2000  754       4       sun.misc.JarIndex::get (49 bytes)
Event: 1.119 Thread 0x00000000275b7000  755       3       java.util.jar.JarFile::getManifestFromReference (117 bytes)
Event: 1.120 Thread 0x00000000275b7000 nmethod 755 0x0000000002b81310 code [0x0000000002b81560, 0x0000000002b82218]
Event: 1.134 Thread 0x00000000275a2000 nmethod 754 0x0000000002b84f50 code [0x0000000002b85120, 0x0000000002b860f8]
Event: 1.136 Thread 0x00000000275b3800 nmethod 753 0x0000000002b82810 code [0x0000000002b829e0, 0x0000000002b83bb8]
Event: 1.136 Thread 0x00000000275b7000  757       3       java.lang.Throwable::<init> (39 bytes)
Event: 1.136 Thread 0x00000000275b7000 nmethod 757 0x0000000002b80a50 code [0x0000000002b80be0, 0x0000000002b811a8]
Event: 1.137 Thread 0x00000000275af000  758       4       sun.net.www.ParseUtil::encodePath (336 bytes)
Event: 1.144 Thread 0x00000000275af000 nmethod 758 0x0000000002b86d90 code [0x0000000002b86f40, 0x0000000002b87a18]

GC Heap History (0 events):
No events

Deoptimization events (0 events):
No events

Classes redefined (0 events):
No events

Internal exceptions (10 events):
Event: 0.293 Thread 0x0000000002756000 Exception <a 'sun/nio/fs/WindowsException'> (0x0000000717099f60) thrown at [C:\re\workspace\8-2-build-windows-amd64-cygwin\jdk8u221\13320\hotspot\src\share\vm\prims\jni.cpp, line 710]
Event: 0.293 Thread 0x0000000002756000 Exception <a 'sun/nio/fs/WindowsException'> (0x000000071709a708) thrown at [C:\re\workspace\8-2-build-windows-amd64-cygwin\jdk8u221\13320\hotspot\src\share\vm\prims\jni.cpp, line 710]
Event: 0.307 Thread 0x0000000002756000 Exception <a 'sun/nio/fs/WindowsException'> (0x0000000717139498) thrown at [C:\re\workspace\8-2-build-windows-amd64-cygwin\jdk8u221\13320\hotspot\src\share\vm\prims\jni.cpp, line 710]
Event: 0.307 Thread 0x0000000002756000 Exception <a 'sun/nio/fs/WindowsException'> (0x0000000717139bf0) thrown at [C:\re\workspace\8-2-build-windows-amd64-cygwin\jdk8u221\13320\hotspot\src\share\vm\prims\jni.cpp, line 710]
Event: 0.859 Thread 0x0000000002756000 Exception <a 'sun/nio/fs/WindowsException'> (0x00000007171bb5c8) thrown at [C:\re\workspace\8-2-build-windows-amd64-cygwin\jdk8u221\13320\hotspot\src\share\vm\prims\jni.cpp, line 710]
Event: 0.859 Thread 0x0000000002756000 Exception <a 'sun/nio/fs/WindowsException'> (0x00000007171bbd80) thrown at [C:\re\workspace\8-2-build-windows-amd64-cygwin\jdk8u221\13320\hotspot\src\share\vm\prims\jni.cpp, line 710]
Event: 0.861 Thread 0x0000000002756000 Exception <a 'sun/nio/fs/WindowsException'> (0x00000007171cb7f0) thrown at [C:\re\workspace\8-2-build-windows-amd64-cygwin\jdk8u221\13320\hotspot\src\share\vm\prims\jni.cpp, line 710]
Event: 0.861 Thread 0x0000000002756000 Exception <a 'sun/nio/fs/WindowsException'> (0x00000007171cbe60) thrown at [C:\re\workspace\8-2-build-windows-amd64-cygwin\jdk8u221\13320\hotspot\src\share\vm\prims\jni.cpp, line 710]
Event: 1.090 Thread 0x0000000002756000 Exception <a 'sun/nio/fs/WindowsException'> (0x0000000717b67898) thrown at [C:\re\workspace\8-2-build-windows-amd64-cygwin\jdk8u221\13320\hotspot\src\share\vm\prims\jni.cpp, line 710]
Event: 1.090 Thread 0x0000000002756000 Exception <a 'sun/nio/fs/WindowsException'> (0x0000000717b68018) thrown at [C:\re\workspace\8-2-build-windows-amd64-cygwin\jdk8u221\13320\hotspot\src\share\vm\prims\jni.cpp, line 710]

Events (10 events):
Event: 1.140 loading class org/joml/Quaternionfc
Event: 1.140 loading class org/joml/Quaternionfc done
Event: 1.141 loading class org/joml/Vector4dc
Event: 1.141 loading class org/joml/Vector4dc done
Event: 1.144 loading class org/joml/Math
Event: 1.144 loading class org/joml/Math done
Event: 1.145 loading class org/joml/Runtime
Event: 1.145 loading class org/joml/Runtime done
Event: 1.145 loading class java/lang/NumberFormatException
Event: 1.145 loading class java/lang/NumberFormatException done


Dynamic libraries:
0x00007ff622960000 - 0x00007ff622997000 	C:\Program Files\Java\jdk1.8.0_221\bin\javaw.exe
0x00007ff933860000 - 0x00007ff933a50000 	C:\WINDOWS\SYSTEM32\ntdll.dll
0x00007ff931910000 - 0x00007ff9319c2000 	C:\WINDOWS\System32\KERNEL32.DLL
0x00007ff930820000 - 0x00007ff930ac4000 	C:\WINDOWS\System32\KERNELBASE.dll
0x00007ff932e20000 - 0x00007ff932ec3000 	C:\WINDOWS\System32\ADVAPI32.dll
0x00007ff932a80000 - 0x00007ff932b1e000 	C:\WINDOWS\System32\msvcrt.dll
0x00007ff9327f0000 - 0x00007ff932887000 	C:\WINDOWS\System32\sechost.dll
0x00007ff931ba0000 - 0x00007ff931cc0000 	C:\WINDOWS\System32\RPCRT4.dll
0x00007ff933020000 - 0x00007ff9331b4000 	C:\WINDOWS\System32\USER32.dll
0x00007ff9307f0000 - 0x00007ff930811000 	C:\WINDOWS\System32\win32u.dll
0x00007ff9326f0000 - 0x00007ff932716000 	C:\WINDOWS\System32\GDI32.dll
0x00007ff931690000 - 0x00007ff931825000 	C:\WINDOWS\System32\gdi32full.dll
0x00007ff9315f0000 - 0x00007ff93168e000 	C:\WINDOWS\System32\msvcp_win.dll
0x00007ff931450000 - 0x00007ff93154a000 	C:\WINDOWS\System32\ucrtbase.dll
0x00007ff924120000 - 0x00007ff9243a4000 	C:\WINDOWS\WinSxS\amd64_microsoft.windows.common-controls_6595b64144ccf1df_6.0.18362.900_none_e6beb9d913147d17\COMCTL32.dll
0x00007ff9323b0000 - 0x00007ff9326e5000 	C:\WINDOWS\System32\combase.dll
0x00007ff931570000 - 0x00007ff9315f0000 	C:\WINDOWS\System32\bcryptPrimitives.dll
0x00007ff9337e0000 - 0x00007ff93380e000 	C:\WINDOWS\System32\IMM32.DLL
0x0000000060a60000 - 0x0000000060b32000 	C:\Program Files\Java\jdk1.8.0_221\jre\bin\msvcr100.dll
0x000000005f350000 - 0x000000005fbf5000 	C:\Program Files\Java\jdk1.8.0_221\jre\bin\server\jvm.dll
0x00007ff932b20000 - 0x00007ff932b28000 	C:\WINDOWS\System32\PSAPI.DLL
0x00007ff92e720000 - 0x00007ff92e744000 	C:\WINDOWS\SYSTEM32\WINMM.dll
0x00007ff929570000 - 0x00007ff92957a000 	C:\WINDOWS\SYSTEM32\VERSION.dll
0x00007ff925530000 - 0x00007ff925539000 	C:\WINDOWS\SYSTEM32\WSOCK32.dll
0x00007ff932fb0000 - 0x00007ff93301f000 	C:\WINDOWS\System32\WS2_32.dll
0x00007ff92e6f0000 - 0x00007ff92e71d000 	C:\WINDOWS\SYSTEM32\winmmbase.dll
0x00007ff931830000 - 0x00007ff93187a000 	C:\WINDOWS\System32\cfgmgr32.dll
0x00007ff92d020000 - 0x00007ff92d02f000 	C:\Program Files\Java\jdk1.8.0_221\jre\bin\verify.dll
0x00007ff92cfd0000 - 0x00007ff92cff9000 	C:\Program Files\Java\jdk1.8.0_221\jre\bin\java.dll
0x00007ff92cfb0000 - 0x00007ff92cfc6000 	C:\Program Files\Java\jdk1.8.0_221\jre\bin\zip.dll
0x00007ff931cc0000 - 0x00007ff9323a6000 	C:\WINDOWS\System32\SHELL32.dll
0x00007ff9329d0000 - 0x00007ff932a79000 	C:\WINDOWS\System32\shcore.dll
0x00007ff930cd0000 - 0x00007ff931450000 	C:\WINDOWS\System32\windows.storage.dll
0x00007ff9307a0000 - 0x00007ff9307c3000 	C:\WINDOWS\System32\profapi.dll
0x00007ff930750000 - 0x00007ff93079a000 	C:\WINDOWS\System32\powrprof.dll
0x00007ff930720000 - 0x00007ff930730000 	C:\WINDOWS\System32\UMPDC.dll
0x00007ff932ed0000 - 0x00007ff932f22000 	C:\WINDOWS\System32\shlwapi.dll
0x00007ff930730000 - 0x00007ff930741000 	C:\WINDOWS\System32\kernel.appcore.dll
0x00007ff931550000 - 0x00007ff931567000 	C:\WINDOWS\System32\cryptsp.dll
0x00007ff916700000 - 0x00007ff91671a000 	C:\Program Files\Java\jdk1.8.0_221\jre\bin\net.dll
0x00007ff924660000 - 0x00007ff924836000 	C:\WINDOWS\SYSTEM32\urlmon.dll
0x00007ff9243b0000 - 0x00007ff924656000 	C:\WINDOWS\SYSTEM32\iertutil.dll
0x00007ff930160000 - 0x00007ff93016c000 	C:\WINDOWS\SYSTEM32\CRYPTBASE.DLL
0x00007ff92ff90000 - 0x00007ff92fff7000 	C:\WINDOWS\system32\mswsock.dll
0x00007ff90fbe0000 - 0x00007ff90fbf2000 	C:\Program Files\Java\jdk1.8.0_221\jre\bin\nio.dll
0x00007ff9051c0000 - 0x00007ff905224000 	C:\Users\MEL Bremgarten\AppData\Local\Temp\lwjglMEL Bremgarten\3.2.3-build-13\lwjgl.dll
0x00007ff902a30000 - 0x00007ff902c83000 	C:\Users\MELBRE~1\AppData\Local\Temp\lwjglMEL Bremgarten\3.2.3-build-13\jemalloc.dll
0x00007ff905150000 - 0x00007ff9051b2000 	C:\Users\MELBRE~1\AppData\Local\Temp\lwjglMEL Bremgarten\3.2.3-build-13\glfw.dll
0x00007ff92ea70000 - 0x00007ff92eb09000 	C:\WINDOWS\system32\uxtheme.dll
0x00007ff9080e0000 - 0x00007ff908123000 	C:\WINDOWS\SYSTEM32\dinput8.dll
0x00007ff8e91b0000 - 0x00007ff8e91c1000 	C:\WINDOWS\SYSTEM32\xinput1_4.dll
0x00007ff930520000 - 0x00007ff93054a000 	C:\WINDOWS\SYSTEM32\DEVOBJ.dll
0x00007ff92eea0000 - 0x00007ff92eecd000 	C:\WINDOWS\SYSTEM32\dwmapi.dll
0x00007ff9160d0000 - 0x00007ff9161eb000 	C:\WINDOWS\SYSTEM32\inputhost.dll
0x00007ff92b9d0000 - 0x00007ff92bb23000 	C:\WINDOWS\SYSTEM32\wintypes.dll
0x00007ff92d0a0000 - 0x00007ff92d190000 	C:\WINDOWS\SYSTEM32\PROPSYS.dll
0x00007ff92e5c0000 - 0x00007ff92e694000 	C:\WINDOWS\SYSTEM32\CoreMessaging.dll
0x00007ff92bbf0000 - 0x00007ff92bf1a000 	C:\WINDOWS\SYSTEM32\CoreUIComponents.dll
0x00007ff931ab0000 - 0x00007ff931b75000 	C:\WINDOWS\System32\OLEAUT32.dll
0x00007ff92f760000 - 0x00007ff92f791000 	C:\WINDOWS\SYSTEM32\ntmarta.dll
0x00007ff932890000 - 0x00007ff9329c5000 	C:\WINDOWS\System32\MSCTF.dll
0x00007ff92f310000 - 0x00007ff92f31e000 	C:\WINDOWS\SYSTEM32\HID.DLL
0x00007ff9331c0000 - 0x00007ff933630000 	C:\WINDOWS\System32\SETUPAPI.DLL
0x00007ff9318e0000 - 0x00007ff931906000 	C:\WINDOWS\System32\bcrypt.dll
0x00007ff931880000 - 0x00007ff9318dc000 	C:\WINDOWS\System32\WINTRUST.dll
0x00007ff9307d0000 - 0x00007ff9307e2000 	C:\WINDOWS\System32\MSASN1.dll
0x00007ff930ad0000 - 0x00007ff930c19000 	C:\WINDOWS\System32\CRYPT32.dll
0x00007ff8fa510000 - 0x00007ff8fa666000 	C:\WINDOWS\SYSTEM32\opengl32.dll
0x00007ff90f790000 - 0x00007ff90f7bc000 	C:\WINDOWS\SYSTEM32\GLU32.dll
0x00007ff92f370000 - 0x00007ff92f390000 	C:\WINDOWS\SYSTEM32\dxcore.dll
0x00007ff8c10d0000 - 0x00007ff8c37a9000 	C:\WINDOWS\System32\DriverStore\FileRepository\nvhdci.inf_amd64_858a46b0c18d67e2\nvoglv64.dll
0x00007ff932ba0000 - 0x00007ff932cf7000 	C:\WINDOWS\System32\ole32.dll
0x00007ff92d1f0000 - 0x00007ff92d203000 	C:\WINDOWS\SYSTEM32\WTSAPI32.dll
0x00007ff8f2ae0000 - 0x00007ff8f2d97000 	C:\WINDOWS\system32\nvspcap64.dll
0x00007ff92f990000 - 0x00007ff92f9e6000 	C:\WINDOWS\SYSTEM32\WINSTA.dll
0x00007ff9169a0000 - 0x00007ff916a3e000 	C:\WINDOWS\System32\TextInputFramework.dll
0x00007ff9029d0000 - 0x00007ff902a29000 	C:\Users\MEL Bremgarten\AppData\Local\Temp\lwjglMEL Bremgarten\3.2.3-build-13\lwjgl_opengl.dll
0x00007ff902950000 - 0x00007ff9029c7000 	C:\Users\MEL Bremgarten\AppData\Local\Temp\lwjglMEL Bremgarten\3.2.3-build-13\lwjgl_stb.dll
0x00007ff91ac30000 - 0x00007ff91ae24000 	C:\WINDOWS\SYSTEM32\dbghelp.dll

VM Arguments:
jvm_args: -Dfile.encoding=Cp1252 -Xmx8142m 
java_command: ch.darklions.main.Main
java_class_path (initial): C:\EclipseWorkSpace\VoxelEngine\target\classes;C:\Users\MEL Bremgarten\.m2\repository\org\lwjgl\lwjgl\3.2.3\lwjgl-3.2.3.jar;C:\Users\MEL Bremgarten\.m2\repository\org\lwjgl\lwjgl-assimp\3.2.3\lwjgl-assimp-3.2.3.jar;C:\Users\MEL Bremgarten\.m2\repository\org\lwjgl\lwjgl-bgfx\3.2.3\lwjgl-bgfx-3.2.3.jar;C:\Users\MEL Bremgarten\.m2\repository\org\lwjgl\lwjgl-cuda\3.2.3\lwjgl-cuda-3.2.3.jar;C:\Users\MEL Bremgarten\.m2\repository\org\lwjgl\lwjgl-egl\3.2.3\lwjgl-egl-3.2.3.jar;C:\Users\MEL Bremgarten\.m2\repository\org\lwjgl\lwjgl-glfw\3.2.3\lwjgl-glfw-3.2.3.jar;C:\Users\MEL Bremgarten\.m2\repository\org\lwjgl\lwjgl-jawt\3.2.3\lwjgl-jawt-3.2.3.jar;C:\Users\MEL Bremgarten\.m2\repository\org\lwjgl\lwjgl-jemalloc\3.2.3\lwjgl-jemalloc-3.2.3.jar;C:\Users\MEL Bremgarten\.m2\repository\org\lwjgl\lwjgl-libdivide\3.2.3\lwjgl-libdivide-3.2.3.jar;C:\Users\MEL Bremgarten\.m2\repository\org\lwjgl\lwjgl-llvm\3.2.3\lwjgl-llvm-3.2.3.jar;C:\Users\MEL Bremgarten\.m2\repository\org\lwjgl\lwjgl-lmdb\3.2.3\lwjgl-lmdb-3.2.3.jar;C:\Users\MEL Bremgarten\.m2\repository\org\lwjgl\lwjgl-lz4\3.2.3\lwjgl-lz4-3.2.3.jar;C:\Users\MEL Bremgarten\.m2\repository\org\lwjgl\lwjgl-meow\3.2.3\lwjgl-meow-3.2.3.jar;C:\Users\MEL Bremgarten\.m2\repository\org\lwjgl\lwjgl-nanovg\3.2.3\lwjgl-nanovg-3.2.3.jar;C:\Users\MEL Bremgarten\.m2\repository\org\lwjgl\lwjgl-nfd\3.2.3\lwjgl-nfd-3.2.3.jar;C:\Users\MEL Bremgarten\.m2\repository\org\lwjgl\lwjgl-nuklear\3.2.3\lwjgl-nuklear-3.2.3.jar;C:\Users\MEL Bremgarten\.m2\repository\org\lwjgl\lwjgl-odbc\3.2.3\lwjgl-odbc-3.2.3.jar;C:\Users\MEL Bremgarten\.m2\repository\org\lwjgl\lwjgl-openal\3.2.3\lwjgl-openal-3.2.3.jar;C:\Users\MEL Bremgarten\.m2\repository\org\lwjgl\lwjgl-opencl\3.2.3\lwjgl-opencl-3.2.3.jar;C:\Users\MEL Bremgarten\.m2\repository\org\lwjgl\lwjgl-opengl\3.2.3\lwjgl-opengl-3.2.3.jar;C:\Users\MEL Bremgarten\.m2\repository\org\lwjgl\lwjgl-opengles\3.2.3\lwjgl-opengles-3.2.3.jar;C:\Users\MEL Bremgarten\.m2\repository\org\lwjgl\lwjgl-openvr
Launcher Type: SUN_STANDARD

Environment Variables:
JAVA_HOME=C:\Program Files\Java\jdk1.8.0_221
_JAVA_OPTIONS=-Xmx8142m
PATH=C:/Program Files/Java/jre1.8.0_221/bin/server;C:/Program Files/Java/jre1.8.0_221/bin;C:/Program Files/Java/jre1.8.0_221/lib/amd64;C:\Program Files (x86)\Common Files\Oracle\Java\javapath;C:\Program Files (x86)\Intel\iCLS Client\;C:\Program Files\Intel\iCLS Client\;C:\windows\system32;C:\windows;C:\windows\System32\Wbem;C:\windows\System32\WindowsPowerShell\v1.0\;C:\Program Files (x86)\NVIDIA Corporation\PhysX\Common;C:\WINDOWS\system32;C:\WINDOWS;C:\WINDOWS\System32\Wbem;C:\WINDOWS\System32\WindowsPowerShell\v1.0\;C:\WINDOWS\System32\OpenSSH\;C:\Program Files (x86)\Intel\Intel(R) Management Engine Components\DAL;C:\Program Files\Intel\Intel(R) Management Engine Components\DAL;C:\Program Files (x86)\Intel\Intel(R) Management Engine Components\IPT;C:\Program Files\Intel\Intel(R) Management Engine Components\IPT;C:\Program Files\NVIDIA Corporation\NVIDIA NvDLISR;C:\Program Files\Intel\WiFi\bin\;C:\Program Files\Common Files\Intel\WirelessCommon\;C:\WINDOWS\system32;C:\WINDOWS;C:\WINDOWS\System32\Wbem;C:\WINDOWS\System32\WindowsPowerShell\v1.0\;C:\WINDOWS\System32\OpenSSH\;C:\Program Files\Java\jdk1.8.0_221\bin;C:\Program Files\dotnet\;C:\Program Files\Microsoft VS Code\bin;C:\Program Files\Java\jdk1.8.0_221\bin;C:\Users\MEL Bremgarten\AppData\Local\Programs\Microsoft VS Code\bin;C:\Users\MEL Bremgarten\AppData\Local\GitHubDesktop\bin;C:\Users\MEL Bremgarten\eclipse\java-2020-032\eclipse;
USERNAME=MEL Bremgarten
OS=Windows_NT
PROCESSOR_IDENTIFIER=Intel64 Family 6 Model 158 Stepping 9, GenuineIntel



---------------  S Y S T E M  ---------------

OS: Windows 10.0 , 64 bit Build 18362 (10.0.18362.900)

CPU:total 8 (initial active 8) (4 cores per cpu, 2 threads per core) family 6 model 158 stepping 9, cmov, cx8, fxsr, mmx, sse, sse2, sse3, ssse3, sse4.1, sse4.2, popcnt, avx, avx2, aes, clmul, erms, rtm, 3dnowpref, lzcnt, ht, tsc, tscinvbit, bmi1, bmi2, adx

Memory: 4k page, physical 33485056k(20237140k free), swap 38670592k(21878512k free)

vm_info: Java HotSpot(TM) 64-Bit Server VM (25.221-b11) for windows-amd64 JRE (1.8.0_221-b11), built on Jul  4 2019 04:39:29 by "java_re" with MS VC++ 10.0 (VS2010)

time: Mon Jun 22 15:37:09 2020
timezone: Mitteleuropäische Sommerzeit
elapsed time: 1 seconds (0d 0h 0m 1s)

